This is pdfTeX, Version 3.141592653-2.6-1.40.24 (TeX Live 2022) (preloaded format=pdflatex 2022.12.11)  11 DEC 2022 09:21
entering extended mode
 restricted \write18 enabled.
 %&-line parsing enabled.
**assignment_02_LastnameFirstname.tex
(./assignment_02_LastnameFirstname.tex
LaTeX2e <2022-11-01> patch level 1
L3 programming layer <2022-11-02> (/Users/feliperodriguez/Library/TinyTeX/texmf-dist/tex/latex/base/article.cls
Document Class: article 2022/07/02 v1.4n Standard LaTeX document class
(/Users/feliperodriguez/Library/TinyTeX/texmf-dist/tex/latex/base/size10.clo
File: size10.clo 2022/07/02 v1.4n Standard LaTeX file (size option)
)
\c@part=\count185
\c@section=\count186
\c@subsection=\count187
\c@subsubsection=\count188
\c@paragraph=\count189
\c@subparagraph=\count190
\c@figure=\count191
\c@table=\count192
\abovecaptionskip=\skip48
\belowcaptionskip=\skip49
\bibindent=\dimen140
) (/Users/feliperodriguez/Library/TinyTeX/texmf-dist/tex/latex/graphics/graphicx.sty
Package: graphicx 2021/09/16 v1.2d Enhanced LaTeX Graphics (DPC,SPQR)
(/Users/feliperodriguez/Library/TinyTeX/texmf-dist/tex/latex/graphics/keyval.sty
Package: keyval 2022/05/29 v1.15 key=value parser (DPC)
\KV@toks@=\toks16
) (/Users/feliperodriguez/Library/TinyTeX/texmf-dist/tex/latex/graphics/graphics.sty
Package: graphics 2022/03/10 v1.4e Standard LaTeX Graphics (DPC,SPQR)
(/Users/feliperodriguez/Library/TinyTeX/texmf-dist/tex/latex/graphics/trig.sty
Package: trig 2021/08/11 v1.11 sin cos tan (DPC)
) (/Users/feliperodriguez/Library/TinyTeX/texmf-dist/tex/latex/graphics-cfg/graphics.cfg
File: graphics.cfg 2016/06/04 v1.11 sample graphics configuration
)
Package graphics Info: Driver file: pdftex.def on input line 107.
(/Users/feliperodriguez/Library/TinyTeX/texmf-dist/tex/latex/graphics-def/pdftex.def
File: pdftex.def 2022/09/22 v1.2b Graphics/color driver for pdftex
))
\Gin@req@height=\dimen141
\Gin@req@width=\dimen142
) (/Users/feliperodriguez/Library/TinyTeX/texmf-dist/tex/latex/xcolor/xcolor.sty
Package: xcolor 2022/06/12 v2.14 LaTeX color extensions (UK)
(/Users/feliperodriguez/Library/TinyTeX/texmf-dist/tex/latex/graphics-cfg/color.cfg
File: color.cfg 2016/01/02 v1.6 sample color configuration
)
Package xcolor Info: Driver file: pdftex.def on input line 227.
(/Users/feliperodriguez/Library/TinyTeX/texmf-dist/tex/latex/graphics/mathcolor.ltx)
Package xcolor Info: Model `cmy' substituted by `cmy0' on input line 1353.
Package xcolor Info: Model `hsb' substituted by `rgb' on input line 1357.
Package xcolor Info: Model `RGB' extended on input line 1369.
Package xcolor Info: Model `HTML' substituted by `rgb' on input line 1371.
Package xcolor Info: Model `Hsb' substituted by `hsb' on input line 1372.
Package xcolor Info: Model `tHsb' substituted by `hsb' on input line 1373.
Package xcolor Info: Model `HSB' substituted by `hsb' on input line 1374.
Package xcolor Info: Model `Gray' substituted by `gray' on input line 1375.
Package xcolor Info: Model `wave' substituted by `hsb' on input line 1376.
) (/Users/feliperodriguez/Library/TinyTeX/texmf-dist/tex/latex/framed/framed.sty
Package: framed 2011/10/22 v 0.96: framed or shaded text with page breaks
\OuterFrameSep=\skip50
\fb@frw=\dimen143
\fb@frh=\dimen144
\FrameRule=\dimen145
\FrameSep=\dimen146
) (/Users/feliperodriguez/Library/TinyTeX/texmf-dist/tex/latex/base/alltt.sty
Package: alltt 2021/01/29 v2.0g defines alltt environment
) (/Users/feliperodriguez/Library/TinyTeX/texmf-dist/tex/latex/psnfss/mathpazo.sty
Package: mathpazo 2020/03/25 PSNFSS-v9.3 Palatino w/ Pazo Math (D.Puga, WaS) 
\symupright=\mathgroup4
) (/Users/feliperodriguez/Library/TinyTeX/texmf-dist/tex/latex/base/fontenc.sty
Package: fontenc 2021/04/29 v2.0v Standard LaTeX package
LaTeX Font Info:    Trying to load font information for T1+pplx on input line 112.
(/Users/feliperodriguez/Library/TinyTeX/texmf-dist/tex/latex/psnfss/t1pplx.fd
File: t1pplx.fd 2004/09/06 font definitions for T1/pplx.
)) (/Users/feliperodriguez/Library/TinyTeX/texmf-dist/tex/latex/geometry/geometry.sty
Package: geometry 2020/01/02 v5.9 Page Geometry
(/Users/feliperodriguez/Library/TinyTeX/texmf-dist/tex/generic/iftex/ifvtex.sty
Package: ifvtex 2019/10/25 v1.7 ifvtex legacy package. Use iftex instead.
(/Users/feliperodriguez/Library/TinyTeX/texmf-dist/tex/generic/iftex/iftex.sty
Package: iftex 2022/02/03 v1.0f TeX engine tests
))
\Gm@cnth=\count193
\Gm@cntv=\count194
\c@Gm@tempcnt=\count195
\Gm@bindingoffset=\dimen147
\Gm@wd@mp=\dimen148
\Gm@odd@mp=\dimen149
\Gm@even@mp=\dimen150
\Gm@layoutwidth=\dimen151
\Gm@layoutheight=\dimen152
\Gm@layouthoffset=\dimen153
\Gm@layoutvoffset=\dimen154
\Gm@dimlist=\toks17
) (/Users/feliperodriguez/Library/TinyTeX/texmf-dist/tex/latex/hyperref/hyperref.sty
Package: hyperref 2022-11-13 v7.00u Hypertext links for LaTeX
(/Users/feliperodriguez/Library/TinyTeX/texmf-dist/tex/generic/ltxcmds/ltxcmds.sty
Package: ltxcmds 2020-05-10 v1.25 LaTeX kernel commands for general use (HO)
) (/Users/feliperodriguez/Library/TinyTeX/texmf-dist/tex/generic/pdftexcmds/pdftexcmds.sty
Package: pdftexcmds 2020-06-27 v0.33 Utility functions of pdfTeX for LuaTeX (HO)
(/Users/feliperodriguez/Library/TinyTeX/texmf-dist/tex/generic/infwarerr/infwarerr.sty
Package: infwarerr 2019/12/03 v1.5 Providing info/warning/error messages (HO)
)
Package pdftexcmds Info: \pdf@primitive is available.
Package pdftexcmds Info: \pdf@ifprimitive is available.
Package pdftexcmds Info: \pdfdraftmode found.
) (/Users/feliperodriguez/Library/TinyTeX/texmf-dist/tex/latex/kvsetkeys/kvsetkeys.sty
Package: kvsetkeys 2022-10-05 v1.19 Key value parser (HO)
) (/Users/feliperodriguez/Library/TinyTeX/texmf-dist/tex/generic/kvdefinekeys/kvdefinekeys.sty
Package: kvdefinekeys 2019-12-19 v1.6 Define keys (HO)
) (/Users/feliperodriguez/Library/TinyTeX/texmf-dist/tex/generic/pdfescape/pdfescape.sty
Package: pdfescape 2019/12/09 v1.15 Implements pdfTeX's escape features (HO)
) (/Users/feliperodriguez/Library/TinyTeX/texmf-dist/tex/latex/hycolor/hycolor.sty
Package: hycolor 2020-01-27 v1.10 Color options for hyperref/bookmark (HO)
) (/Users/feliperodriguez/Library/TinyTeX/texmf-dist/tex/latex/letltxmacro/letltxmacro.sty
Package: letltxmacro 2019/12/03 v1.6 Let assignment for LaTeX macros (HO)
) (/Users/feliperodriguez/Library/TinyTeX/texmf-dist/tex/latex/auxhook/auxhook.sty
Package: auxhook 2019-12-17 v1.6 Hooks for auxiliary files (HO)
) (/Users/feliperodriguez/Library/TinyTeX/texmf-dist/tex/latex/hyperref/nameref.sty
Package: nameref 2022-05-17 v2.50 Cross-referencing by name of section
(/Users/feliperodriguez/Library/TinyTeX/texmf-dist/tex/latex/refcount/refcount.sty
Package: refcount 2019/12/15 v3.6 Data extraction from label references (HO)
) (/Users/feliperodriguez/Library/TinyTeX/texmf-dist/tex/generic/gettitlestring/gettitlestring.sty
Package: gettitlestring 2019/12/15 v1.6 Cleanup title references (HO)
(/Users/feliperodriguez/Library/TinyTeX/texmf-dist/tex/latex/kvoptions/kvoptions.sty
Package: kvoptions 2022-06-15 v3.15 Key value format for package options (HO)
))
\c@section@level=\count196
)
\@linkdim=\dimen155
\Hy@linkcounter=\count197
\Hy@pagecounter=\count198
(/Users/feliperodriguez/Library/TinyTeX/texmf-dist/tex/latex/hyperref/pd1enc.def
File: pd1enc.def 2022-11-13 v7.00u Hyperref: PDFDocEncoding definition (HO)
Now handling font encoding PD1 ...
... no UTF-8 mapping file for font encoding PD1
) (/Users/feliperodriguez/Library/TinyTeX/texmf-dist/tex/generic/intcalc/intcalc.sty
Package: intcalc 2019/12/15 v1.3 Expandable calculations with integers (HO)
) (/Users/feliperodriguez/Library/TinyTeX/texmf-dist/tex/generic/etexcmds/etexcmds.sty
Package: etexcmds 2019/12/15 v1.7 Avoid name clashes with e-TeX commands (HO)
)
\Hy@SavedSpaceFactor=\count199
(/Users/feliperodriguez/Library/TinyTeX/texmf-dist/tex/latex/hyperref/puenc.def
File: puenc.def 2022-11-13 v7.00u Hyperref: PDF Unicode definition (HO)
Now handling font encoding PU ...
... no UTF-8 mapping file for font encoding PU
)
Package hyperref Info: Option `unicode' set `true' on input line 4045.
Package hyperref Info: Option `pdfusetitle' set `true' on input line 4045.
Package hyperref Info: Option `bookmarks' set `true' on input line 4045.
Package hyperref Info: Option `bookmarksnumbered' set `true' on input line 4045.
Package hyperref Info: Option `bookmarksopen' set `true' on input line 4045.
Package hyperref Info: Option `breaklinks' set `false' on input line 4045.
Package hyperref Info: Option `colorlinks' set `false' on input line 4045.
Package hyperref Info: Hyper figures OFF on input line 4162.
Package hyperref Info: Link nesting OFF on input line 4167.
Package hyperref Info: Hyper index ON on input line 4170.
Package hyperref Info: Plain pages OFF on input line 4177.
Package hyperref Info: Backreferencing OFF on input line 4182.
Package hyperref Info: Implicit mode ON; LaTeX internals redefined.
Package hyperref Info: Bookmarks ON on input line 4410.
\c@Hy@tempcnt=\count266
(/Users/feliperodriguez/Library/TinyTeX/texmf-dist/tex/latex/url/url.sty
\Urlmuskip=\muskip16
Package: url 2013/09/16  ver 3.4  Verb mode for urls, etc.
)
LaTeX Info: Redefining \url on input line 4748.
\XeTeXLinkMargin=\dimen156
(/Users/feliperodriguez/Library/TinyTeX/texmf-dist/tex/generic/bitset/bitset.sty
Package: bitset 2019/12/09 v1.3 Handle bit-vector datatype (HO)
(/Users/feliperodriguez/Library/TinyTeX/texmf-dist/tex/generic/bigintcalc/bigintcalc.sty
Package: bigintcalc 2019/12/15 v1.5 Expandable calculations on big integers (HO)
))
\Fld@menulength=\count267
\Field@Width=\dimen157
\Fld@charsize=\dimen158
Package hyperref Info: Hyper figures OFF on input line 6027.
Package hyperref Info: Link nesting OFF on input line 6032.
Package hyperref Info: Hyper index ON on input line 6035.
Package hyperref Info: backreferencing OFF on input line 6042.
Package hyperref Info: Link coloring OFF on input line 6047.
Package hyperref Info: Link coloring with OCG OFF on input line 6052.
Package hyperref Info: PDF/A mode OFF on input line 6057.
(/Users/feliperodriguez/Library/TinyTeX/texmf-dist/tex/latex/base/atbegshi-ltx.sty
Package: atbegshi-ltx 2021/01/10 v1.0c Emulation of the original atbegshi
package with kernel methods
)
\Hy@abspage=\count268
\c@Item=\count269
\c@Hfootnote=\count270
)
Package hyperref Info: Driver (autodetected): hpdftex.
(/Users/feliperodriguez/Library/TinyTeX/texmf-dist/tex/latex/hyperref/hpdftex.def
File: hpdftex.def 2022-11-13 v7.00u Hyperref driver for pdfTeX
(/Users/feliperodriguez/Library/TinyTeX/texmf-dist/tex/latex/base/atveryend-ltx.sty
Package: atveryend-ltx 2020/08/19 v1.0a Emulation of the original atveryend package
with kernel methods
)
\Fld@listcount=\count271
\c@bookmark@seq@number=\count272
(/Users/feliperodriguez/Library/TinyTeX/texmf-dist/tex/latex/rerunfilecheck/rerunfilecheck.sty
Package: rerunfilecheck 2022-07-10 v1.10 Rerun checks for auxiliary files (HO)
(/Users/feliperodriguez/Library/TinyTeX/texmf-dist/tex/generic/uniquecounter/uniquecounter.sty
Package: uniquecounter 2019/12/15 v1.4 Provide unlimited unique counter (HO)
)
Package uniquecounter Info: New unique counter `rerunfilecheck' on input line 285.
)
\Hy@SectionHShift=\skip51
) (/Users/feliperodriguez/Library/TinyTeX/texmf-dist/tex/latex/l3backend/l3backend-pdftex.def
File: l3backend-pdftex.def 2022-10-26 L3 backend support: PDF output (pdfTeX)
\l__color_backend_stack_int=\count273
\l__pdf_internal_box=\box51
) (./assignment_02_LastnameFirstname.aux)
\openout1 = `assignment_02_LastnameFirstname.aux'.

LaTeX Font Info:    Checking defaults for OML/cmm/m/it on input line 76.
LaTeX Font Info:    ... okay on input line 76.
LaTeX Font Info:    Checking defaults for OMS/cmsy/m/n on input line 76.
LaTeX Font Info:    ... okay on input line 76.
LaTeX Font Info:    Checking defaults for OT1/cmr/m/n on input line 76.
LaTeX Font Info:    ... okay on input line 76.
LaTeX Font Info:    Checking defaults for T1/cmr/m/n on input line 76.
LaTeX Font Info:    ... okay on input line 76.
LaTeX Font Info:    Checking defaults for TS1/cmr/m/n on input line 76.
LaTeX Font Info:    ... okay on input line 76.
LaTeX Font Info:    Checking defaults for OMX/cmex/m/n on input line 76.
LaTeX Font Info:    ... okay on input line 76.
LaTeX Font Info:    Checking defaults for U/cmr/m/n on input line 76.
LaTeX Font Info:    ... okay on input line 76.
LaTeX Font Info:    Checking defaults for PD1/pdf/m/n on input line 76.
LaTeX Font Info:    ... okay on input line 76.
LaTeX Font Info:    Checking defaults for PU/pdf/m/n on input line 76.
LaTeX Font Info:    ... okay on input line 76.
(/Users/feliperodriguez/Library/TinyTeX/texmf-dist/tex/latex/epstopdf-pkg/epstopdf-base.sty
Package: epstopdf-base 2020-01-24 v2.11 Base part for package epstopdf
Package epstopdf-base Info: Redefining graphics rule for `.eps' on input line 485.
(/Users/feliperodriguez/Library/TinyTeX/texmf-dist/tex/latex/latexconfig/epstopdf-sys.cfg
File: epstopdf-sys.cfg 2010/07/13 v1.3 Configuration of (r)epstopdf for TeX Live
))
\big@size=\dimen159
*geometry* driver: auto-detecting
*geometry* detected driver: pdftex

Package geometry Warning: The marginal notes overrun the paper.
     Add 4.86812pt and more to the right margin.

*geometry* verbose mode - [ preamble ] result:
* driver: pdftex
* paper: <default>
* layout: <same size as paper>
* layoutoffset:(h,v)=(0.0pt,0.0pt)
* modes: 
* h-part:(L,W,R)=(71.13188pt, 472.03123pt, 71.13188pt)
* v-part:(T,H,B)=(71.13188pt, 652.70622pt, 71.13188pt)
* \paperwidth=614.295pt
* \paperheight=794.96999pt
* \textwidth=472.03123pt
* \textheight=652.70622pt
* \oddsidemargin=-1.1381pt
* \evensidemargin=-1.1381pt
* \topmargin=-38.1381pt
* \headheight=12.0pt
* \headsep=25.0pt
* \topskip=10.0pt
* \footskip=30.0pt
* \marginparwidth=65.0pt
* \marginparsep=11.0pt
* \columnsep=10.0pt
* \skip\footins=9.0pt plus 4.0pt minus 2.0pt
* \hoffset=0.0pt
* \voffset=0.0pt
* \mag=1000
* \@twocolumnfalse
* \@twosidefalse
* \@mparswitchfalse
* \@reversemarginfalse
* (1in=72.27pt=25.4mm, 1cm=28.453pt)

Package hyperref Info: Link coloring OFF on input line 76.
(./assignment_02_LastnameFirstname.out) (./assignment_02_LastnameFirstname.out)
\@outlinefile=\write3
\openout3 = `assignment_02_LastnameFirstname.out'.

LaTeX Font Info:    Trying to load font information for OT1+pplx on input line 85.
(/Users/feliperodriguez/Library/TinyTeX/texmf-dist/tex/latex/psnfss/ot1pplx.fd
File: ot1pplx.fd 2004/09/06 font definitions for OT1/pplx.
)
LaTeX Font Info:    Trying to load font information for OML+zplm on input line 85.
(/Users/feliperodriguez/Library/TinyTeX/texmf-dist/tex/latex/psnfss/omlzplm.fd
File: omlzplm.fd 2002/09/08 Fontinst v1.914 font definitions for OML/zplm.
)
LaTeX Font Info:    Trying to load font information for OMS+zplm on input line 85.
(/Users/feliperodriguez/Library/TinyTeX/texmf-dist/tex/latex/psnfss/omszplm.fd
File: omszplm.fd 2002/09/08 Fontinst v1.914 font definitions for OMS/zplm.
)
LaTeX Font Info:    Trying to load font information for OMX+zplm on input line 85.
(/Users/feliperodriguez/Library/TinyTeX/texmf-dist/tex/latex/psnfss/omxzplm.fd
File: omxzplm.fd 2002/09/08 Fontinst v1.914 font definitions for OMX/zplm.
)
LaTeX Font Info:    Trying to load font information for OT1+zplm on input line 85.
(/Users/feliperodriguez/Library/TinyTeX/texmf-dist/tex/latex/psnfss/ot1zplm.fd
File: ot1zplm.fd 2002/09/08 Fontinst v1.914 font definitions for OT1/zplm.
)

LaTeX Warning: No \author given.

LaTeX Font Info:    Trying to load font information for T1+lmtt on input line 89.
(/Users/feliperodriguez/Library/TinyTeX/texmf-dist/tex/latex/lm/t1lmtt.fd
File: t1lmtt.fd 2015/05/01 v1.6.1 Font defs for Latin Modern
)
LaTeX Font Info:    Font shape `T1/lmtt/bx/n' in size <10> not available
(Font)              Font shape `T1/lmtt/b/n' tried instead on input line 95.

Overfull \hbox (84.46715pt too wide) in paragraph at lines 99--99
[]\T1/lmtt/m/n/10 ## [1] "/Users/feliperodriguez/Library/CloudStorage/OneDrive-BellevueUniversity/DSC 520 Statistics/Week 2"[] 
 []


Overfull \hbox (7.45349pt too wide) in paragraph at lines 111--111
[][]\T1/lmtt/m/it/10 ## working directory to project root folder (the folder should contain the `data` directory[][] 
 []


Overfull \hbox (23.20345pt too wide) in paragraph at lines 128--128
[][]\T1/lmtt/m/it/10 ## Load the same file to person_df2 using `read.csv` and setting `stringsAsFactors` to `FALSE`[][] 
 []


Overfull \hbox (525.46587pt too wide) in paragraph at lines 214--214
[][]\T1/lmtt/m/n/10 voter_turnout_df2[] []<-[] []\T1/lmtt/b/n/10 read_excel[][]\T1/lmtt/m/n/10 ([][]'data/G04ResultsDetail2004-11-02.xls'[][],[] []sheet[] []=[] []'Voter Turnout'[][],[] []col_names[] []=[] []\T1/lmtt/b/n/10 c[][]\T1/lmtt/m/n/10 ([][]'ward_precint'[][],[] []'ballots_cast'[][],[] []'registered_voters'[][],[] []'voter_turnout'[][]),[] []skip[] []=[] []2[][])[][] 
 []


Overfull \hbox (28.45343pt too wide) in paragraph at lines 228--228
[][]\T1/lmtt/m/it/10 ## Create a database connection to `data/tidynomicon/example.db` using the dbConnect() function[][] 
 []


Overfull \hbox (96.70323pt too wide) in paragraph at lines 254--254
[][]\T1/lmtt/m/it/10 ## Read all of the tables at once using the `lapply` function and assign the result to the `tables` variable[][] 
 []


Overfull \hbox (16.21735pt too wide) in paragraph at lines 261--261
[]\T1/lmtt/m/n/10 ## Warning in result_fetch(res@ptr, n = n): Column `reading`: mixed type, first seen values
 []


Overfull \hbox (8426.6929pt too wide) in paragraph at lines 326--326
[]\T1/lmtt/m/n/10 ## [{"Count":10,"Score":200,"Section":"Sports"},{"Count":10,"Score":205,"Section":"Sports"},{"Count":20,"Score":235,"Section":"Sports"},{"Count":10,"Score":240,"Section":"Sports"},{"Count":10,"Score":250,"Section":"Sports"},{"Count":10,"Score":265,"Section":"Regular"},{"Count":10,"Score":275,"Section":"Regular"},{"Count":30,"Score":285,"Section":"Sports"},{"Count":10,"Score":295,"Section":"Regular"},{"Count":10,"Score":300,"Section":"Regular"},{"Count":20,"Score":300,"Section":"Sports"},{"Count":10,"Score":305,"Section":"Sports"},{"Count":10,"Score":305,"Section":"Regular"},{"Count":10,"Score":310,"Section":"Regular"},{"Count":10,"Score":310,"Section":"Sports"},{"Count":20,"Score":320,"Section":"Regular"},{"Count":10,"Score":305,"Section":"Regular"},{"Count":10,"Score":315,"Section":"Sports"},{"Count":20,"Score":320,"Section":"Regular"},{"Count":10,"Score":325,"Section":"Regular"},{"Count":10,"Score":325,"Section":"Sports"},{"Count":20,"Score":330,"Section":"Regular"},{"Count":10,"Score":330,"Section":"Sports"},{"Count":30,"Score":335,"Section":"Sports"},{"Count":10,"Score":335,"Section":"Regular"},{"Count":20,"Score":340,"Section":"Regular"},{"Count":10,"Score":340,"Section":"Sports"},{"Count":30,"Score":350,"Section":"Regular"},{"Count":20,"Score":360,"Section":"Regular"},{"Count":10,"Score":360,"Section":"Sports"},{"Count":20,"Score":365,"Section":"Regular"},{"Count":20,"Score":365,"Section":"Sports"},{"Count":10,"Score":370,"Section":"Sports"},{"Count":10,"Score":370,"Section":"Regular"},{"Count":20,"Score":375,"Section":"Regular"},{"Count":10,"Score":375,"Section":"Sports"},{"Count":20,"Score":380,"Section":"Regular"},{"Count":10,"Score":395,"Section":"Sports"}][] 
 []


Overfull \hbox (49.45337pt too wide) in paragraph at lines 328--328
[][]\T1/lmtt/m/it/10 ## Convert the scores dataframe to JSON using the `toJSON()` function with the `pretty=TRUE` option[][] 
 []

[1

{/Users/feliperodriguez/Library/TinyTeX/texmf-var/fonts/map/pdftex/updmap/pdftex.map}] [2] [3] [4] [5]
Underfull \vbox (badness 10000) detected at line 525
 []


Overfull \vbox (0.67427pt too high) detected at line 525
 []

[6]
Underfull \vbox (badness 10000) detected at line 525
 []


Overfull \vbox (0.1176pt too high) detected at line 525
 []

[7]
Overfull \hbox (10.96736pt too wide) in paragraph at lines 561--561
[]\T1/lmtt/m/n/10 ## LAPACK: /Library/Frameworks/R.framework/Versions/4.2-arm64/Resources/lib/libRlapack.dylib[] 
 []


Overfull \hbox (5.71738pt too wide) in paragraph at lines 561--561
[]\T1/lmtt/m/n/10 ## [11] xfun_0.35        utf8_1.2.2       tinytex_0.42     cli_3.4.1        htmltools_0.5.4[] 
 []


Overfull \hbox (5.71738pt too wide) in paragraph at lines 561--561
[]\T1/lmtt/m/n/10 ## [16] yaml_2.3.6       bit64_4.0.5      digest_0.6.30    tibble_3.1.8     lifecycle_1.0.3[] 
 []


Overfull \hbox (0.46739pt too wide) in paragraph at lines 561--561
[]\T1/lmtt/m/n/10 ## [21] vctrs_0.5.1      memoise_2.0.1    glue_1.6.2       cachem_1.0.6     RSQLite_2.2.19[] 
 []


Overfull \hbox (10.96736pt too wide) in paragraph at lines 561--561
[]\T1/lmtt/m/n/10 ## [26] evaluate_0.18    rmarkdown_2.18   stringi_1.7.8    pillar_1.8.1     cellranger_1.1.0[] 
 []

[8] [9] (./assignment_02_LastnameFirstname.aux)
Package rerunfilecheck Info: File `assignment_02_LastnameFirstname.out' has not changed.
(rerunfilecheck)             Checksum: D41D8CD98F00B204E9800998ECF8427E;0.
 ) 
Here is how much of TeX's memory you used:
 9343 strings out of 476928
 149300 string characters out of 5823805
 561756 words of memory out of 5000000
 30464 multiletter control sequences out of 15000+600000
 483219 words of font info for 53 fonts, out of 8000000 for 9000
 14 hyphenation exceptions out of 8191
 72i,6n,77p,1733b,490s stack positions out of 10000i,1000n,20000p,200000b,200000s
{/Users/feliperodriguez/Library/TinyTeX/texmf-dist/fonts/enc/dvips/lm/lm-ec.enc}{/Users/feliperodriguez/Library/TinyTeX/texmf-dist/fonts/enc/dvips/base/8r.enc}</Users/feliperodriguez/Library/TinyTeX/texmf-dist/fonts/type1/public/lm/lmtk10.pfb></Users/feliperodriguez/Library/TinyTeX/texmf-dist/fonts/type1/public/lm/lmtt10.pfb></Users/feliperodriguez/Library/TinyTeX/texmf-dist/fonts/type1/public/lm/lmtti10.pfb></Users/feliperodriguez/Library/TinyTeX/texmf-dist/fonts/type1/urw/palatino/uplr8a.pfb>
Output written on assignment_02_LastnameFirstname.pdf (9 pages, 114155 bytes).
PDF statistics:
 71 PDF objects out of 1000 (max. 8388607)
 51 compressed objects within 1 object stream
 10 named destinations out of 1000 (max. 500000)
 1 words of extra memory for PDF output out of 10000 (max. 10000000)

